# JRE version: OpenJDK Runtime Environment (8.0_112-b06) (build 1.8.0_112-release-b06)
# Java VM: OpenJDK 64-Bit Server VM (25.112-b06 mixed mode windows-amd64 compressed oops)
Heap:
 PSYoungGen      total 280064K, used 202477K [0x00000000e0000000, 0x00000000fa280000, 0x0000000100000000)
  eden space 252416K, 79% used [0x00000000e0000000,0x00000000ec2cb278,0x00000000ef680000)
  from space 27648K, 10% used [0x00000000ef680000,0x00000000ef9701d8,0x00000000f1180000)
  to   space 27648K, 0% used [0x00000000f8780000,0x00000000f8780000,0x00000000fa280000)
 ParOldGen       total 89088K, used 58834K [0x00000000a0000000, 0x00000000a5700000, 0x00000000e0000000)
  object space 89088K, 66% used [0x00000000a0000000,0x00000000a39749b0,0x00000000a5700000)
 Metaspace       used 65155K, capacity 69742K, committed 70040K, reserved 1110016K
  class space    used 8532K, capacity 9284K, committed 9368K, reserved 1048576K
GC Heap History (10 events):
Event: 23.134 GC heap before
{Heap before GC invocations=14 (full 2):
 PSYoungGen      total 190464K, used 26299K [0x00000000e0000000, 0x00000000eff80000, 0x0000000100000000)
  eden space 167424K, 1% used [0x00000000e0000000,0x00000000e032ee00,0x00000000ea380000)
  from space 23040K, 100% used [0x00000000ea380000,0x00000000eba00000,0x00000000eba00000)
  to   space 29184K, 0% used [0x00000000ee300000,0x00000000ee300000,0x00000000eff80000)
 ParOldGen       total 89088K, used 41854K [0x00000000a0000000, 0x00000000a5700000, 0x00000000e0000000)
  object space 89088K, 46% used [0x00000000a0000000,0x00000000a28dfbc8,0x00000000a5700000)
 Metaspace       used 56704K, capacity 59120K, committed 59160K, reserved 1099776K
  class space    used 7475K, capacity 7938K, committed 7960K, reserved 1048576K
Event: 23.181 GC heap after
Heap after GC invocations=14 (full 2):
 PSYoungGen      total 196608K, used 10944K [0x00000000e0000000, 0x00000000eff80000, 0x0000000100000000)
  eden space 167424K, 0% used [0x00000000e0000000,0x00000000e0000000,0x00000000ea380000)
  from space 29184K, 37% used [0x00000000ee300000,0x00000000eedb0000,0x00000000eff80000)
  to   space 23040K, 0% used [0x00000000ea380000,0x00000000ea380000,0x00000000eba00000)
 ParOldGen       total 89088K, used 54374K [0x00000000a0000000, 0x00000000a5700000, 0x00000000e0000000)
  object space 89088K, 61% used [0x00000000a0000000,0x00000000a3519bd8,0x00000000a5700000)
 Metaspace       used 56704K, capacity 59120K, committed 59160K, reserved 1099776K
  class space    used 7475K, capacity 7938K, committed 7960K, reserved 1048576K
}
Event: 23.181 GC heap before
{Heap before GC invocations=15 (full 3):
 PSYoungGen      total 196608K, used 10944K [0x00000000e0000000, 0x00000000eff80000, 0x0000000100000000)
  eden space 167424K, 0% used [0x00000000e0000000,0x00000000e0000000,0x00000000ea380000)
  from space 29184K, 37% used [0x00000000ee300000,0x00000000eedb0000,0x00000000eff80000)
  to   space 23040K, 0% used [0x00000000ea380000,0x00000000ea380000,0x00000000eba00000)
 ParOldGen       total 89088K, used 54374K [0x00000000a0000000, 0x00000000a5700000, 0x00000000e0000000)
  object space 89088K, 61% used [0x00000000a0000000,0x00000000a3519bd8,0x00000000a5700000)
 Metaspace       used 56704K, capacity 59120K, committed 59160K, reserved 1099776K
  class space    used 7475K, capacity 7938K, committed 7960K, reserved 1048576K
Event: 23.385 GC heap after
Heap after GC invocations=15 (full 3):
 PSYoungGen      total 196608K, used 0K [0x00000000e0000000, 0x00000000eff80000, 0x0000000100000000)
  eden space 167424K, 0% used [0x00000000e0000000,0x00000000e0000000,0x00000000ea380000)
  from space 29184K, 0% used [0x00000000ee300000,0x00000000ee300000,0x00000000eff80000)
  to   space 23040K, 0% used [0x00000000ea380000,0x00000000ea380000,0x00000000eba00000)
 ParOldGen       total 89088K, used 43479K [0x00000000a0000000, 0x00000000a5700000, 0x00000000e0000000)
  object space 89088K, 48% used [0x00000000a0000000,0x00000000a2a75d00,0x00000000a5700000)
 Metaspace       used 56704K, capacity 59120K, committed 59160K, reserved 1099776K
  class space    used 7475K, capacity 7938K, committed 7960K, reserved 1048576K
}
Event: 26.105 GC heap before
{Heap before GC invocations=16 (full 3):
 PSYoungGen      total 196608K, used 167424K [0x00000000e0000000, 0x00000000eff80000, 0x0000000100000000)
  eden space 167424K, 100% used [0x00000000e0000000,0x00000000ea380000,0x00000000ea380000)
  from space 29184K, 0% used [0x00000000ee300000,0x00000000ee300000,0x00000000eff80000)
  to   space 23040K, 0% used [0x00000000ea380000,0x00000000ea380000,0x00000000eba00000)
 ParOldGen       total 89088K, used 43479K [0x00000000a0000000, 0x00000000a5700000, 0x00000000e0000000)
  object space 89088K, 48% used [0x00000000a0000000,0x00000000a2a75d00,0x00000000a5700000)
 Metaspace       used 58875K, capacity 61858K, committed 62104K, reserved 1103872K
  class space    used 7881K, capacity 8474K, committed 8600K, reserved 1048576K
Event: 26.125 GC heap after
Heap after GC invocations=16 (full 3):
 PSYoungGen      total 190464K, used 17316K [0x00000000e0000000, 0x00000000f3100000, 0x0000000100000000)
  eden space 167424K, 0% used [0x00000000e0000000,0x00000000e0000000,0x00000000ea380000)
  from space 23040K, 75% used [0x00000000ea380000,0x00000000eb469318,0x00000000eba00000)
  to   space 28160K, 0% used [0x00000000f1580000,0x00000000f1580000,0x00000000f3100000)
 ParOldGen       total 89088K, used 43479K [0x00000000a0000000, 0x00000000a5700000, 0x00000000e0000000)
  object space 89088K, 48% used [0x00000000a0000000,0x00000000a2a75d00,0x00000000a5700000)
 Metaspace       used 58875K, capacity 61858K, committed 62104K, reserved 1103872K
  class space    used 7881K, capacity 8474K, committed 8600K, reserved 1048576K
}
Event: 285.580 GC heap before
{Heap before GC invocations=17 (full 3):
 PSYoungGen      total 190464K, used 184731K [0x00000000e0000000, 0x00000000f3100000, 0x0000000100000000)
  eden space 167424K, 99% used [0x00000000e0000000,0x00000000ea37d9c8,0x00000000ea380000)
  from space 23040K, 75% used [0x00000000ea380000,0x00000000eb469318,0x00000000eba00000)
  to   space 28160K, 0% used [0x00000000f1580000,0x00000000f1580000,0x00000000f3100000)
 ParOldGen       total 89088K, used 43479K [0x00000000a0000000, 0x00000000a5700000, 0x00000000e0000000)
  object space 89088K, 48% used [0x00000000a0000000,0x00000000a2a75d00,0x00000000a5700000)
 Metaspace       used 62273K, capacity 65770K, committed 65944K, reserved 1105920K
  class space    used 8223K, capacity 8852K, committed 8856K, reserved 1048576K
Event: 285.612 GC heap after
Heap after GC invocations=17 (full 3):
 PSYoungGen      total 275968K, used 6919K [0x00000000e0000000, 0x00000000f2c80000, 0x0000000100000000)
  eden space 252416K, 0% used [0x00000000e0000000,0x00000000e0000000,0x00000000ef680000)
  from space 23552K, 29% used [0x00000000f1580000,0x00000000f1c41f18,0x00000000f2c80000)
  to   space 27648K, 0% used [0x00000000ef680000,0x00000000ef680000,0x00000000f1180000)
 ParOldGen       total 89088K, used 57410K [0x00000000a0000000, 0x00000000a5700000, 0x00000000e0000000)
  object space 89088K, 64% used [0x00000000a0000000,0x00000000a3810860,0x00000000a5700000)
 Metaspace       used 62273K, capacity 65770K, committed 65944K, reserved 1105920K
  class space    used 8223K, capacity 8852K, committed 8856K, reserved 1048576K
}
Event: 395.046 GC heap before
{Heap before GC invocations=18 (full 3):
 PSYoungGen      total 275968K, used 259335K [0x00000000e0000000, 0x00000000f2c80000, 0x0000000100000000)
  eden space 252416K, 100% used [0x00000000e0000000,0x00000000ef680000,0x00000000ef680000)
  from space 23552K, 29% used [0x00000000f1580000,0x00000000f1c41f18,0x00000000f2c80000)
  to   space 27648K, 0% used [0x00000000ef680000,0x00000000ef680000,0x00000000f1180000)
 ParOldGen       total 89088K, used 57410K [0x00000000a0000000, 0x00000000a5700000, 0x00000000e0000000)
  object space 89088K, 64% used [0x00000000a0000000,0x00000000a3810860,0x00000000a5700000)
 Metaspace       used 64209K, capacity 68058K, committed 68248K, reserved 1107968K
  class space    used 8421K, capacity 9106K, committed 9112K, reserved 1048576K
Event: 395.052 GC heap after
Heap after GC invocations=18 (full 3):
 PSYoungGen      total 280064K, used 3008K [0x00000000e0000000, 0x00000000fa280000, 0x0000000100000000)
  eden space 252416K, 0% used [0x00000000e0000000,0x00000000e0000000,0x00000000ef680000)
  from space 27648K, 10% used [0x00000000ef680000,0x00000000ef9701d8,0x00000000f1180000)
  to   space 27648K, 0% used [0x00000000f8780000,0x00000000f8780000,0x00000000fa280000)
 ParOldGen       total 89088K, used 58834K [0x00000000a0000000, 0x00000000a5700000, 0x00000000e0000000)
  object space 89088K, 66% used [0x00000000a0000000,0x00000000a39749b0,0x00000000a5700000)
 Metaspace       used 64209K, capacity 68058K, committed 68248K, reserved 1107968K
  class space    used 8421K, capacity 9106K, committed 9112K, reserved 1048576K
}

